<?xml version="1.0" encoding="UTF-8"?>
<testsuite xmlns:xsi="http://www.w3.org/2001/XMLSchema-instance" xsi:noNamespaceSchemaLocation="https://maven.apache.org/surefire/maven-surefire-plugin/xsd/surefire-test-report-3.0.xsd" version="3.0" name="com.spring.test.UserTest" time="0.284" tests="1" errors="0" skipped="0" failures="0">
  <properties>
[...]
</properties>
  <testcase name="test1" classname="com.spring.test.UserTest" time="0.26">
    <system-out><![CDATA[输出得到的user:com.spring.sample.User@37911f88
你好
HelloWorld
]]></system-out>
  </testcase>
</testsuite>